[INFO] Scanning for projects...
[INFO] 
[INFO] ----------------------< com.example:simple-login >----------------------
[INFO] Building simple-login 1.0.0
[INFO]   from pom.xml
[INFO] --------------------------------[ jar ]---------------------------------
[INFO] 
[INFO] >>> spring-boot:2.7.14:run (default-cli) > test-compile @ simple-login >>>
[INFO] 
[INFO] --- resources:3.2.0:resources (default-resources) @ simple-login ---
[INFO] Using 'UTF-8' encoding to copy filtered resources.
[INFO] Using 'UTF-8' encoding to copy filtered properties files.
[INFO] Copying 1 resource
[INFO] Copying 0 resource
[INFO] 
[INFO] --- compiler:3.10.1:compile (default-compile) @ simple-login ---
[INFO] Nothing to compile - all classes are up to date
[INFO] 
[INFO] --- resources:3.2.0:testResources (default-testResources) @ simple-login ---
[INFO] Using 'UTF-8' encoding to copy filtered resources.
[INFO] Using 'UTF-8' encoding to copy filtered properties files.
[INFO] skip non existing resourceDirectory /Users/nhatpm.sg/Desktop/simpleLogin/backend/src/test/resources
[INFO] 
[INFO] --- compiler:3.10.1:testCompile (default-testCompile) @ simple-login ---
[INFO] No sources to compile
[INFO] 
[INFO] <<< spring-boot:2.7.14:run (default-cli) < test-compile @ simple-login <<<
[INFO] 
[INFO] 
[INFO] --- spring-boot:2.7.14:run (default-cli) @ simple-login ---
[INFO] Attaching agents: []

  .   ____          _            __ _ _
 /\\ / ___'_ __ _ _(_)_ __  __ _ \ \ \ \
( ( )\___ | '_ | '_| | '_ \/ _` | \ \ \ \
 \\/  ___)| |_)| | | | | || (_| |  ) ) ) )
  '  |____| .__|_| |_|_| |_\__, | / / / /
 =========|_|==============|___/=/_/_/_/
[32m :: Spring Boot :: [39m             [2m (v2.7.14)[0;39m

[2m2025-06-12 02:24:52.821[0;39m [32m INFO[0;39m [35m88996[0;39m [2m---[0;39m [2m[           main][0;39m [36mc.e.simplelogin.SimpleLoginApplication  [0;39m [2m:[0;39m Starting SimpleLoginApplication using Java 23.0.2 on nhatpm.sg with PID 88996 (/Users/nhatpm.sg/Desktop/simpleLogin/backend/target/classes started by nhatpm.sg in /Users/nhatpm.sg/Desktop/simpleLogin/backend)
[2m2025-06-12 02:24:52.824[0;39m [32m INFO[0;39m [35m88996[0;39m [2m---[0;39m [2m[           main][0;39m [36mc.e.simplelogin.SimpleLoginApplication  [0;39m [2m:[0;39m No active profile set, falling back to 1 default profile: "default"
[2m2025-06-12 02:24:53.349[0;39m [32m INFO[0;39m [35m88996[0;39m [2m---[0;39m [2m[           main][0;39m [36m.s.d.r.c.RepositoryConfigurationDelegate[0;39m [2m:[0;39m Bootstrapping Spring Data JPA repositories in DEFAULT mode.
[2m2025-06-12 02:24:53.407[0;39m [32m INFO[0;39m [35m88996[0;39m [2m---[0;39m [2m[           main][0;39m [36m.s.d.r.c.RepositoryConfigurationDelegate[0;39m [2m:[0;39m Finished Spring Data repository scanning in 51 ms. Found 1 JPA repository interfaces.
[2m2025-06-12 02:24:53.926[0;39m [32m INFO[0;39m [35m88996[0;39m [2m---[0;39m [2m[           main][0;39m [36mo.s.b.w.embedded.tomcat.TomcatWebServer [0;39m [2m:[0;39m Tomcat initialized with port(s): 8080 (http)
[2m2025-06-12 02:24:53.935[0;39m [32m INFO[0;39m [35m88996[0;39m [2m---[0;39m [2m[           main][0;39m [36mo.apache.catalina.core.StandardService  [0;39m [2m:[0;39m Starting service [Tomcat]
[2m2025-06-12 02:24:53.936[0;39m [32m INFO[0;39m [35m88996[0;39m [2m---[0;39m [2m[           main][0;39m [36morg.apache.catalina.core.StandardEngine [0;39m [2m:[0;39m Starting Servlet engine: [Apache Tomcat/9.0.78]
[2m2025-06-12 02:24:54.041[0;39m [32m INFO[0;39m [35m88996[0;39m [2m---[0;39m [2m[           main][0;39m [36mo.a.c.c.C.[Tomcat].[localhost].[/]      [0;39m [2m:[0;39m Initializing Spring embedded WebApplicationContext
[2m2025-06-12 02:24:54.042[0;39m [32m INFO[0;39m [35m88996[0;39m [2m---[0;39m [2m[           main][0;39m [36mw.s.c.ServletWebServerApplicationContext[0;39m [2m:[0;39m Root WebApplicationContext: initialization completed in 1152 ms
[2m2025-06-12 02:24:54.104[0;39m [33m WARN[0;39m [35m88996[0;39m [2m---[0;39m [2m[           main][0;39m [36mJpaBaseConfiguration$JpaWebConfiguration[0;39m [2m:[0;39m spring.jpa.open-in-view is enabled by default. Therefore, database queries may be performed during view rendering. Explicitly configure spring.jpa.open-in-view to disable this warning
[2m2025-06-12 02:24:54.189[0;39m [32m INFO[0;39m [35m88996[0;39m [2m---[0;39m [2m[           main][0;39m [36mo.hibernate.jpa.internal.util.LogHelper [0;39m [2m:[0;39m HHH000204: Processing PersistenceUnitInfo [name: default]
[2m2025-06-12 02:24:54.231[0;39m [32m INFO[0;39m [35m88996[0;39m [2m---[0;39m [2m[           main][0;39m [36morg.hibernate.Version                   [0;39m [2m:[0;39m HHH000412: Hibernate ORM core version 5.6.15.Final
[2m2025-06-12 02:24:54.381[0;39m [32m INFO[0;39m [35m88996[0;39m [2m---[0;39m [2m[           main][0;39m [36mo.hibernate.annotations.common.Version  [0;39m [2m:[0;39m HCANN000001: Hibernate Commons Annotations {5.1.2.Final}
[2m2025-06-12 02:24:54.462[0;39m [32m INFO[0;39m [35m88996[0;39m [2m---[0;39m [2m[           main][0;39m [36mcom.zaxxer.hikari.HikariDataSource      [0;39m [2m:[0;39m HikariPool-1 - Starting...
[2m2025-06-12 02:24:54.619[0;39m [32m INFO[0;39m [35m88996[0;39m [2m---[0;39m [2m[           main][0;39m [36mcom.zaxxer.hikari.HikariDataSource      [0;39m [2m:[0;39m HikariPool-1 - Start completed.
[2m2025-06-12 02:24:54.633[0;39m [32m INFO[0;39m [35m88996[0;39m [2m---[0;39m [2m[           main][0;39m [36morg.hibernate.dialect.Dialect           [0;39m [2m:[0;39m HHH000400: Using dialect: com.example.simplelogin.config.SQLiteDialect
[2m2025-06-12 02:24:55.126[0;39m [32m INFO[0;39m [35m88996[0;39m [2m---[0;39m [2m[           main][0;39m [36mo.h.e.t.j.p.i.JtaPlatformInitiator      [0;39m [2m:[0;39m HHH000490: Using JtaPlatform implementation: [org.hibernate.engine.transaction.jta.platform.internal.NoJtaPlatform]
[2m2025-06-12 02:24:55.133[0;39m [32m INFO[0;39m [35m88996[0;39m [2m---[0;39m [2m[           main][0;39m [36mj.LocalContainerEntityManagerFactoryBean[0;39m [2m:[0;39m Initialized JPA EntityManagerFactory for persistence unit 'default'
[2m2025-06-12 02:24:55.787[0;39m [32m INFO[0;39m [35m88996[0;39m [2m---[0;39m [2m[           main][0;39m [36mo.s.s.web.DefaultSecurityFilterChain    [0;39m [2m:[0;39m Will secure any request with [org.springframework.security.web.session.DisableEncodeUrlFilter@2555a986, org.springframework.security.web.context.request.async.WebAsyncManagerIntegrationFilter@76c587ce, org.springframework.security.web.context.SecurityContextPersistenceFilter@75063bd0, org.springframework.security.web.header.HeaderWriterFilter@33f2cf82, org.springframework.web.filter.CorsFilter@2ae7c1d, org.springframework.security.web.authentication.logout.LogoutFilter@43719e98, com.example.simplelogin.security.AuthTokenFilter@780c0, org.springframework.security.web.savedrequest.RequestCacheAwareFilter@53fc870f, org.springframework.security.web.servletapi.SecurityContextHolderAwareRequestFilter@5cf3a7f9, org.springframework.security.web.authentication.AnonymousAuthenticationFilter@5265a8dd, org.springframework.security.web.session.SessionManagementFilter@27d6267e, org.springframework.security.web.access.ExceptionTranslationFilter@1b9c716f, org.springframework.security.web.access.intercept.FilterSecurityInterceptor@308be1a3]
[2m2025-06-12 02:24:55.969[0;39m [33m WARN[0;39m [35m88996[0;39m [2m---[0;39m [2m[           main][0;39m [36mConfigServletWebServerApplicationContext[0;39m [2m:[0;39m Exception encountered during context initialization - cancelling refresh attempt: org.springframework.context.ApplicationContextException: Failed to start bean 'webServerStartStop'; nested exception is org.springframework.boot.web.server.PortInUseException: Port 8080 is already in use
[2m2025-06-12 02:24:55.971[0;39m [32m INFO[0;39m [35m88996[0;39m [2m---[0;39m [2m[           main][0;39m [36mj.LocalContainerEntityManagerFactoryBean[0;39m [2m:[0;39m Closing JPA EntityManagerFactory for persistence unit 'default'
[2m2025-06-12 02:24:55.972[0;39m [32m INFO[0;39m [35m88996[0;39m [2m---[0;39m [2m[           main][0;39m [36mcom.zaxxer.hikari.HikariDataSource      [0;39m [2m:[0;39m HikariPool-1 - Shutdown initiated...
[2m2025-06-12 02:24:55.974[0;39m [32m INFO[0;39m [35m88996[0;39m [2m---[0;39m [2m[           main][0;39m [36mcom.zaxxer.hikari.HikariDataSource      [0;39m [2m:[0;39m HikariPool-1 - Shutdown completed.
[2m2025-06-12 02:24:55.976[0;39m [32m INFO[0;39m [35m88996[0;39m [2m---[0;39m [2m[           main][0;39m [36mo.apache.catalina.core.StandardService  [0;39m [2m:[0;39m Stopping service [Tomcat]
[2m2025-06-12 02:24:55.985[0;39m [32m INFO[0;39m [35m88996[0;39m [2m---[0;39m [2m[           main][0;39m [36mConditionEvaluationReportLoggingListener[0;39m [2m:[0;39m 

Error starting ApplicationContext. To display the conditions report re-run your application with 'debug' enabled.
[2m2025-06-12 02:24:56.002[0;39m [31mERROR[0;39m [35m88996[0;39m [2m---[0;39m [2m[           main][0;39m [36mo.s.b.d.LoggingFailureAnalysisReporter  [0;39m [2m:[0;39m 

***************************
APPLICATION FAILED TO START
***************************

Description:

Web server failed to start. Port 8080 was already in use.

Action:

Identify and stop the process that's listening on port 8080 or configure this application to listen on another port.

[INFO] ------------------------------------------------------------------------
[INFO] BUILD FAILURE
[INFO] ------------------------------------------------------------------------
[INFO] Total time:  5.495 s
[INFO] Finished at: 2025-06-12T02:24:56+07:00
[INFO] ------------------------------------------------------------------------
[ERROR] Failed to execute goal org.springframework.boot:spring-boot-maven-plugin:2.7.14:run (default-cli) on project simple-login: Application finished with exit code: 1 -> [Help 1]
[ERROR] 
[ERROR] To see the full stack trace of the errors, re-run Maven with the -e switch.
[ERROR] Re-run Maven using the -X switch to enable full debug logging.
[ERROR] 
[ERROR] For more information about the errors and possible solutions, please read the following articles:
[ERROR] [Help 1] http://cwiki.apache.org/confluence/display/MAVEN/MojoExecutionException
